{"timestamp": "2026-02-22T05:32:20.966185", "level": "INFO", "message": "{'event': 'upload_media', 'file': 'imgCedulaFront', 'id_media': '747055231591307', 'status_code': 200, 'response': {'id': '747055231591307'}}", "module": "whatsapp_service"}
{"timestamp": "2026-02-22T05:32:22.027164", "level": "INFO", "message": "{'event': 'send_image', 'media_id': '747055231591307', 'status_code': 200, 'response': {'messaging_product': 'whatsapp', 'contacts': [{'input': '593984734710', 'wa_id': '593984734710'}], 'messages': [{'id': 'wamid.HBgMNTkzOTg0NzM0NzEwFQIAERgSNTZFMDQxMEY3QzkwOTg1M0U3AA=='}]}}", "module": "whatsapp_service"}
{"timestamp": "2026-02-22T05:32:23.635979", "level": "INFO", "message": "{'event': 'upload_media', 'file': 'imgCedulaBack', 'id_media': '893556383416010', 'status_code': 200, 'response': {'id': '893556383416010'}}", "module": "whatsapp_service"}
{"timestamp": "2026-02-22T05:32:24.756289", "level": "INFO", "message": "{'event': 'send_image', 'media_id': '893556383416010', 'status_code': 200, 'response': {'messaging_product': 'whatsapp', 'contacts': [{'input': '593984734710', 'wa_id': '593984734710'}], 'messages': [{'id': 'wamid.HBgMNTkzOTg0NzM0NzEwFQIAERgSNDk0RDM2NjA3NDE4NkEwNjBFAA=='}]}}", "module": "whatsapp_service"}
{"timestamp": "2026-02-22T05:32:26.640373", "level": "INFO", "message": "{'event': 'upload_media', 'file': 'imgSelfie', 'id_media': '1533744411027165', 'status_code': 200, 'response': {'id': '1533744411027165'}}", "module": "whatsapp_service"}
{"timestamp": "2026-02-22T05:32:27.798377", "level": "INFO", "message": "{'event': 'send_image', 'media_id': '1533744411027165', 'status_code': 200, 'response': {'messaging_product': 'whatsapp', 'contacts': [{'input': '593984734710', 'wa_id': '593984734710'}], 'messages': [{'id': 'wamid.HBgMNTkzOTg0NzM0NzEwFQIAERgSODRCOEZGRkU4MDQ2MjkyNTI1AA=='}]}}", "module": "whatsapp_service"}
{"timestamp": "2026-02-22T05:32:29.135325", "level": "INFO", "message": "{'event': 'upload_media', 'file': 'comprobantePago', 'id_media': '4007165686252041', 'status_code': 200, 'response': {'id': '4007165686252041'}}", "module": "whatsapp_service"}
{"timestamp": "2026-02-22T05:32:30.280690", "level": "INFO", "message": "{'event': 'send_image', 'media_id': '4007165686252041', 'status_code': 200, 'response': {'messaging_product': 'whatsapp', 'contacts': [{'input': '593984734710', 'wa_id': '593984734710'}], 'messages': [{'id': 'wamid.HBgMNTkzOTg0NzM0NzEwFQIAERgSNjIzQkYzMkE4OUM4RjQ1QjM5AA=='}]}}", "module": "whatsapp_service"}
{"timestamp": "2026-02-22T05:32:33.741471", "level": "INFO", "message": "{'event': 'delete_media', 'id': '747055231591307', 'status_code': 200}", "module": "whatsapp_service"}
{"timestamp": "2026-02-22T05:32:36.070670", "level": "INFO", "message": "{'event': 'delete_media', 'id': '893556383416010', 'status_code': 200}", "module": "whatsapp_service"}
{"timestamp": "2026-02-22T05:32:38.506376", "level": "INFO", "message": "{'event': 'delete_media', 'id': '1533744411027165', 'status_code': 200}", "module": "whatsapp_service"}
{"timestamp": "2026-02-22T05:32:39.988872", "level": "INFO", "message": "{'event': 'delete_media', 'id': '4007165686252041', 'status_code': 200}", "module": "whatsapp_service"}
{"timestamp": "2026-02-22T19:05:19.567552", "level": "INFO", "message": "{'event': 'upload_media', 'file': 'imgCedulaFront', 'id_media': '3950173178448093', 'status_code': 200, 'response': {'id': '3950173178448093'}}", "module": "whatsapp_service"}
{"timestamp": "2026-02-22T19:05:20.939212", "level": "INFO", "message": "{'event': 'send_image', 'media_id': '3950173178448093', 'status_code': 200, 'response': {'messaging_product': 'whatsapp', 'contacts': [{'input': '593984734710', 'wa_id': '593984734710'}], 'messages': [{'id': 'wamid.HBgMNTkzOTg0NzM0NzEwFQIAERgSOTE4RTIwQ0NCNTAyQUFCNzdBAA=='}]}}", "module": "whatsapp_service"}
{"timestamp": "2026-02-22T19:05:22.599026", "level": "INFO", "message": "{'event': 'upload_media', 'file': 'imgCedulaBack', 'id_media': '850460921282594', 'status_code': 200, 'response': {'id': '850460921282594'}}", "module": "whatsapp_service"}
{"timestamp": "2026-02-22T19:05:23.908476", "level": "INFO", "message": "{'event': 'send_image', 'media_id': '850460921282594', 'status_code': 200, 'response': {'messaging_product': 'whatsapp', 'contacts': [{'input': '593984734710', 'wa_id': '593984734710'}], 'messages': [{'id': 'wamid.HBgMNTkzOTg0NzM0NzEwFQIAERgSQjM0NTJBMTkwREJFMzI2RTU0AA=='}]}}", "module": "whatsapp_service"}
{"timestamp": "2026-02-22T19:05:25.443974", "level": "INFO", "message": "{'event': 'upload_media', 'file': 'imgSelfie', 'id_media': '1231785849089687', 'status_code': 200, 'response': {'id': '1231785849089687'}}", "module": "whatsapp_service"}
{"timestamp": "2026-02-22T19:05:26.877486", "level": "INFO", "message": "{'event': 'send_image', 'media_id': '1231785849089687', 'status_code': 200, 'response': {'messaging_product': 'whatsapp', 'contacts': [{'input': '593984734710', 'wa_id': '593984734710'}], 'messages': [{'id': 'wamid.HBgMNTkzOTg0NzM0NzEwFQIAERgSREI0Q0FFNjVCRjM1RjVGNkRDAA=='}]}}", "module": "whatsapp_service"}
{"timestamp": "2026-02-22T19:05:27.901520", "level": "INFO", "message": "{'event': 'upload_media', 'file': 'comprobantePago', 'id_media': '810083998794963', 'status_code': 200, 'response': {'id': '810083998794963'}}", "module": "whatsapp_service"}
{"timestamp": "2026-02-22T19:05:28.925829", "level": "INFO", "message": "{'event': 'send_document', 'media_id': '810083998794963', 'filename': 'comprobantePago.pdf', 'status_code': 200, 'response': {'messaging_product': 'whatsapp', 'contacts': [{'input': '593984734710', 'wa_id': '593984734710'}], 'messages': [{'id': 'wamid.HBgMNTkzOTg0NzM0NzEwFQIAERgSREZBOUEyQTM3RjA4QzUyMjE1AA=='}]}}", "module": "whatsapp_service"}
{"timestamp": "2026-02-22T19:05:30.257228", "level": "INFO", "message": "{'event': 'upload_media', 'file': 'fileRuc', 'id_media': '918816387308330', 'status_code': 200, 'response': {'id': '918816387308330'}}", "module": "whatsapp_service"}
{"timestamp": "2026-02-22T19:05:31.485748", "level": "INFO", "message": "{'event': 'send_document', 'media_id': '918816387308330', 'filename': 'fileRuc.pdf', 'status_code': 200, 'response': {'messaging_product': 'whatsapp', 'contacts': [{'input': '593984734710', 'wa_id': '593984734710'}], 'messages': [{'id': 'wamid.HBgMNTkzOTg0NzM0NzEwFQIAERgSMEY3OEREQTQ2RThFRUUzMjgzAA=='}]}}", "module": "whatsapp_service"}
{"timestamp": "2026-02-22T19:05:32.612005", "level": "INFO", "message": "{'event': 'upload_media', 'file': 'fileConstitucion', 'id_media': '2830735617134883', 'status_code': 200, 'response': {'id': '2830735617134883'}}", "module": "whatsapp_service"}
{"timestamp": "2026-02-22T19:05:33.835879", "level": "INFO", "message": "{'event': 'send_document', 'media_id': '2830735617134883', 'filename': 'fileConstitucion.pdf', 'status_code': 200, 'response': {'messaging_product': 'whatsapp', 'contacts': [{'input': '593984734710', 'wa_id': '593984734710'}], 'messages': [{'id': 'wamid.HBgMNTkzOTg0NzM0NzEwFQIAERgSNTAzMzgyQUY1NzU0RUMyRkIzAA=='}]}}", "module": "whatsapp_service"}
{"timestamp": "2026-02-22T19:05:35.171678", "level": "INFO", "message": "{'event': 'upload_media', 'file': 'fileNombramiento', 'id_media': '947078797744384', 'status_code': 200, 'response': {'id': '947078797744384'}}", "module": "whatsapp_service"}
{"timestamp": "2026-02-22T19:05:36.504357", "level": "INFO", "message": "{'event': 'send_document', 'media_id': '947078797744384', 'filename': 'fileNombramiento.pdf', 'status_code': 200, 'response': {'messaging_product': 'whatsapp', 'contacts': [{'input': '593984734710', 'wa_id': '593984734710'}], 'messages': [{'id': 'wamid.HBgMNTkzOTg0NzM0NzEwFQIAERgSMTAxMzM1MTNFRkRBM0RDMEFDAA=='}]}}", "module": "whatsapp_service"}
{"timestamp": "2026-02-22T19:05:38.144550", "level": "INFO", "message": "{'event': 'delete_media', 'id': '3950173178448093', 'status_code': 200}", "module": "whatsapp_service"}
{"timestamp": "2026-02-22T19:05:40.097304", "level": "INFO", "message": "{'event': 'delete_media', 'id': '850460921282594', 'status_code': 200}", "module": "whatsapp_service"}
{"timestamp": "2026-02-22T19:05:42.050311", "level": "INFO", "message": "{'event': 'delete_media', 'id': '1231785849089687', 'status_code': 200}", "module": "whatsapp_service"}
{"timestamp": "2026-02-22T19:05:44.183337", "level": "INFO", "message": "{'event': 'delete_media', 'id': '810083998794963', 'status_code': 200}", "module": "whatsapp_service"}
{"timestamp": "2026-02-22T19:05:46.231461", "level": "INFO", "message": "{'event': 'delete_media', 'id': '918816387308330', 'status_code': 200}", "module": "whatsapp_service"}
{"timestamp": "2026-02-22T19:05:48.484236", "level": "INFO", "message": "{'event': 'delete_media', 'id': '2830735617134883', 'status_code': 200}", "module": "whatsapp_service"}
{"timestamp": "2026-02-22T19:05:50.839981", "level": "INFO", "message": "{'event': 'delete_media', 'id': '947078797744384', 'status_code': 200}", "module": "whatsapp_service"}
{"timestamp": "2026-02-22T19:06:24.031151", "level": "INFO", "message": "{'event': 'upload_media', 'file': 'imgCedulaFront', 'id_media': '1201972775254926', 'status_code': 200, 'response': {'id': '1201972775254926'}}", "module": "whatsapp_service"}
{"timestamp": "2026-02-22T19:06:25.283605", "level": "INFO", "message": "{'event': 'send_image', 'media_id': '1201972775254926', 'status_code': 200, 'response': {'messaging_product': 'whatsapp', 'contacts': [{'input': '593984734710', 'wa_id': '593984734710'}], 'messages': [{'id': 'wamid.HBgMNTkzOTg0NzM0NzEwFQIAERgSNDMzRkEwOTkwQjMwMTE3QUI1AA=='}]}}", "module": "whatsapp_service"}
{"timestamp": "2026-02-22T19:06:26.987343", "level": "INFO", "message": "{'event': 'upload_media', 'file': 'imgCedulaBack', 'id_media': '809974648781604', 'status_code': 200, 'response': {'id': '809974648781604'}}", "module": "whatsapp_service"}
{"timestamp": "2026-02-22T19:06:28.216348", "level": "INFO", "message": "{'event': 'send_image', 'media_id': '809974648781604', 'status_code': 200, 'response': {'messaging_product': 'whatsapp', 'contacts': [{'input': '593984734710', 'wa_id': '593984734710'}], 'messages': [{'id': 'wamid.HBgMNTkzOTg0NzM0NzEwFQIAERgSMjA4NTc4RDlBQURCOTIyMTY0AA=='}]}}", "module": "whatsapp_service"}
{"timestamp": "2026-02-22T19:06:29.709419", "level": "INFO", "message": "{'event': 'upload_media', 'file': 'imgSelfie', 'id_media': '1593324218655468', 'status_code': 200, 'response': {'id': '1593324218655468'}}", "module": "whatsapp_service"}
{"timestamp": "2026-02-22T19:06:30.930819", "level": "INFO", "message": "{'event': 'send_image', 'media_id': '1593324218655468', 'status_code': 200, 'response': {'messaging_product': 'whatsapp', 'contacts': [{'input': '593984734710', 'wa_id': '593984734710'}], 'messages': [{'id': 'wamid.HBgMNTkzOTg0NzM0NzEwFQIAERgSMjg0MUFEMTUwRDBGNzIxRDdDAA=='}]}}", "module": "whatsapp_service"}
{"timestamp": "2026-02-22T19:06:32.364499", "level": "INFO", "message": "{'event': 'upload_media', 'file': 'comprobantePago', 'id_media': '1638094850563147', 'status_code': 200, 'response': {'id': '1638094850563147'}}", "module": "whatsapp_service"}
{"timestamp": "2026-02-22T19:06:33.643907", "level": "INFO", "message": "{'event': 'send_image', 'media_id': '1638094850563147', 'status_code': 200, 'response': {'messaging_product': 'whatsapp', 'contacts': [{'input': '593984734710', 'wa_id': '593984734710'}], 'messages': [{'id': 'wamid.HBgMNTkzOTg0NzM0NzEwFQIAERgSMjI3QzkwQTNDMDY1RTJEMEY0AA=='}]}}", "module": "whatsapp_service"}
{"timestamp": "2026-02-22T19:06:35.691662", "level": "INFO", "message": "{'event': 'delete_media', 'id': '1201972775254926', 'status_code': 200}", "module": "whatsapp_service"}
{"timestamp": "2026-02-22T19:06:38.251650", "level": "INFO", "message": "{'event': 'delete_media', 'id': '809974648781604', 'status_code': 200}", "module": "whatsapp_service"}
{"timestamp": "2026-02-22T19:06:40.027580", "level": "INFO", "message": "{'event': 'delete_media', 'id': '1593324218655468', 'status_code': 200}", "module": "whatsapp_service"}
{"timestamp": "2026-02-22T19:06:41.939317", "level": "INFO", "message": "{'event': 'delete_media', 'id': '1638094850563147', 'status_code': 200}", "module": "whatsapp_service"}
{"timestamp": "2026-02-22T20:01:52.498181", "level": "INFO", "message": "{'event': 'upload_media', 'file': 'imgCedulaFront', 'id_media': '1667359131311769', 'status_code': 200, 'response': {'id': '1667359131311769'}}", "module": "whatsapp_service"}
{"timestamp": "2026-02-22T20:01:54.035134", "level": "INFO", "message": "{'event': 'send_image', 'media_id': '1667359131311769', 'status_code': 200, 'response': {'messaging_product': 'whatsapp', 'contacts': [{'input': '593984734710', 'wa_id': '593984734710'}], 'messages': [{'id': 'wamid.HBgMNTkzOTg0NzM0NzEwFQIAERgSQkU3NzQ4NDUyMzZCRjhGRjFBAA=='}]}}", "module": "whatsapp_service"}
{"timestamp": "2026-02-22T20:01:55.970163", "level": "INFO", "message": "{'event': 'upload_media', 'file': 'imgCedulaBack', 'id_media': '1623676655322627', 'status_code': 200, 'response': {'id': '1623676655322627'}}", "module": "whatsapp_service"}
{"timestamp": "2026-02-22T20:01:57.160483", "level": "INFO", "message": "{'event': 'send_image', 'media_id': '1623676655322627', 'status_code': 200, 'response': {'messaging_product': 'whatsapp', 'contacts': [{'input': '593984734710', 'wa_id': '593984734710'}], 'messages': [{'id': 'wamid.HBgMNTkzOTg0NzM0NzEwFQIAERgSQzlCNUVGMjNEQjg2NTM0MkRBAA=='}]}}", "module": "whatsapp_service"}
{"timestamp": "2026-02-22T20:01:58.632597", "level": "INFO", "message": "{'event': 'upload_media', 'file': 'imgSelfie', 'id_media': '923499420067872', 'status_code': 200, 'response': {'id': '923499420067872'}}", "module": "whatsapp_service"}
{"timestamp": "2026-02-22T20:01:59.861166", "level": "INFO", "message": "{'event': 'send_image', 'media_id': '923499420067872', 'status_code': 200, 'response': {'messaging_product': 'whatsapp', 'contacts': [{'input': '593984734710', 'wa_id': '593984734710'}], 'messages': [{'id': 'wamid.HBgMNTkzOTg0NzM0NzEwFQIAERgSQTlFNjIwQTcyNDFEMTgwQkRCAA=='}]}}", "module": "whatsapp_service"}
{"timestamp": "2026-02-22T20:02:01.257496", "level": "INFO", "message": "{'event': 'upload_media', 'file': 'comprobantePago', 'id_media': '1990269368589434', 'status_code': 200, 'response': {'id': '1990269368589434'}}", "module": "whatsapp_service"}
{"timestamp": "2026-02-22T20:02:02.319590", "level": "INFO", "message": "{'event': 'send_image', 'media_id': '1990269368589434', 'status_code': 200, 'response': {'messaging_product': 'whatsapp', 'contacts': [{'input': '593984734710', 'wa_id': '593984734710'}], 'messages': [{'id': 'wamid.HBgMNTkzOTg0NzM0NzEwFQIAERgSNDcyQUEzQTcwMDkyOTNCODBDAA=='}]}}", "module": "whatsapp_service"}
{"timestamp": "2026-02-22T20:02:03.831685", "level": "INFO", "message": "{'event': 'delete_media', 'id': '1667359131311769', 'status_code': 200}", "module": "whatsapp_service"}
{"timestamp": "2026-02-22T20:02:05.800382", "level": "INFO", "message": "{'event': 'delete_media', 'id': '1623676655322627', 'status_code': 200}", "module": "whatsapp_service"}
{"timestamp": "2026-02-22T20:02:08.410326", "level": "INFO", "message": "{'event': 'delete_media', 'id': '923499420067872', 'status_code': 200}", "module": "whatsapp_service"}
{"timestamp": "2026-02-22T20:02:10.547462", "level": "INFO", "message": "{'event': 'delete_media', 'id': '1990269368589434', 'status_code': 200}", "module": "whatsapp_service"}
{"timestamp": "2026-02-22T20:04:24.044477", "level": "INFO", "message": "{'event': 'upload_media', 'file': 'imgCedulaFront', 'id_media': '1229918098731833', 'status_code': 200, 'response': {'id': '1229918098731833'}}", "module": "whatsapp_service"}
{"timestamp": "2026-02-22T20:04:25.124528", "level": "INFO", "message": "{'event': 'send_image', 'media_id': '1229918098731833', 'status_code': 200, 'response': {'messaging_product': 'whatsapp', 'contacts': [{'input': '593984734710', 'wa_id': '593984734710'}], 'messages': [{'id': 'wamid.HBgMNTkzOTg0NzM0NzEwFQIAERgSMjlCRTdFNUU0MjdGQkM1OTBGAA=='}]}}", "module": "whatsapp_service"}
{"timestamp": "2026-02-22T20:04:27.837265", "level": "INFO", "message": "{'event': 'upload_media', 'file': 'imgCedulaBack', 'id_media': '4482815961930770', 'status_code': 200, 'response': {'id': '4482815961930770'}}", "module": "whatsapp_service"}
{"timestamp": "2026-02-22T20:04:29.061598", "level": "INFO", "message": "{'event': 'send_image', 'media_id': '4482815961930770', 'status_code': 200, 'response': {'messaging_product': 'whatsapp', 'contacts': [{'input': '593984734710', 'wa_id': '593984734710'}], 'messages': [{'id': 'wamid.HBgMNTkzOTg0NzM0NzEwFQIAERgSRTc2RDU3QkRDRTQ0RUFCNTI1AA=='}]}}", "module": "whatsapp_service"}
{"timestamp": "2026-02-22T20:04:30.469511", "level": "INFO", "message": "{'event': 'upload_media', 'file': 'imgSelfie', 'id_media': '940159881792212', 'status_code': 200, 'response': {'id': '940159881792212'}}", "module": "whatsapp_service"}
{"timestamp": "2026-02-22T20:04:31.600366", "level": "INFO", "message": "{'event': 'send_image', 'media_id': '940159881792212', 'status_code': 200, 'response': {'messaging_product': 'whatsapp', 'contacts': [{'input': '593984734710', 'wa_id': '593984734710'}], 'messages': [{'id': 'wamid.HBgMNTkzOTg0NzM0NzEwFQIAERgSOThDRjAyQTYyOUYyNThGOEI2AA=='}]}}", "module": "whatsapp_service"}
{"timestamp": "2026-02-22T20:04:33.157919", "level": "INFO", "message": "{'event': 'upload_media', 'file': 'comprobantePago', 'id_media': '1614528009968663', 'status_code': 200, 'response': {'id': '1614528009968663'}}", "module": "whatsapp_service"}
{"timestamp": "2026-02-22T20:04:34.387039", "level": "INFO", "message": "{'event': 'send_image', 'media_id': '1614528009968663', 'status_code': 200, 'response': {'messaging_product': 'whatsapp', 'contacts': [{'input': '593984734710', 'wa_id': '593984734710'}], 'messages': [{'id': 'wamid.HBgMNTkzOTg0NzM0NzEwFQIAERgSQkQ4MEZCNTAyN0FBRDdENTYyAA=='}]}}", "module": "whatsapp_service"}
{"timestamp": "2026-02-22T20:04:36.435319", "level": "INFO", "message": "{'event': 'delete_media', 'id': '1229918098731833', 'status_code': 200}", "module": "whatsapp_service"}
{"timestamp": "2026-02-22T20:04:39.711188", "level": "INFO", "message": "{'event': 'delete_media', 'id': '4482815961930770', 'status_code': 200}", "module": "whatsapp_service"}
{"timestamp": "2026-02-22T20:04:41.657428", "level": "INFO", "message": "{'event': 'delete_media', 'id': '940159881792212', 'status_code': 200}", "module": "whatsapp_service"}
{"timestamp": "2026-02-22T20:04:44.422221", "level": "INFO", "message": "{'event': 'delete_media', 'id': '1614528009968663', 'status_code': 200}", "module": "whatsapp_service"}
